<?xml version="1.0" encoding="UTF-8"?>
<!-- Generated by org.testng.reporters.JUnitReportReporter -->
<testsuite hostname="ZIVLPT105" name="com.zivame.sanity.scenarios.LoginTest" tests="1" failures="0" timestamp="25 May 2016 06:10:11 GMT" time="19.886" errors="0">
  <testcase name="VerifyValidLogin" time="19.886" classname="com.zivame.sanity.scenarios.LoginTest"/>
</testsuite> <!-- com.zivame.sanity.scenarios.LoginTest -->
