<?xml version="1.0" encoding="UTF-8"?>
<!-- Generated by org.testng.reporters.JUnitReportReporter -->
<testsuite hostname="ZIVLPT105" name="com.zivame.common.scenarios.BaseTest$AppiumStartStop" tests="1" failures="0" timestamp="26 May 2016 19:35:46 GMT" time="19.534" errors="0">
  <testcase name="VerifyValidLogin" time="19.534" classname="com.zivame.common.scenarios.BaseTest$AppiumStartStop"/>
</testsuite> <!-- com.zivame.common.scenarios.BaseTest$AppiumStartStop -->
